Server started on port 3000
Login based on cookie
Username: demo Role: basic
Sensors: 0 

demo [ 'bucuresti' ]
demo [ 'bucuresti' ]
show series where username='demo' and county='bucuresti'
/api/get-data/bucuresti/demodemo
show series where username='demo' and county='bucuresti'
/api/get-data/bucuresti/demodemo
/api/get-data/last/bucuresti/demodemo
/api/get-data/last/bucuresti/demodemo
show series where username='demo' and county='bucuresti'
/api/get-data/bucuresti/demodemo
/api/get-data/last/bucuresti/demodemo
show series where username='demo' and county='bucuresti'
/api/get-data/bucuresti/demodemo
/api/get-data/last/bucuresti/demodemo
show series where username='demo' and county='bucuresti'
/api/get-data/bucuresti/demodemo
/api/get-data/last/bucuresti/demodemo
show series where username='demo' and county='bucuresti'
/api/get-data/bucuresti/demodemo
/api/get-data/last/bucuresti/demodemo
show series where username='demo' and county='bucuresti'
/api/get-data/bucuresti/demodemo
/api/get-data/last/bucuresti/demodemo
show series where username='demo' and county='bucuresti'
/api/get-data/bucuresti/demodemo
/api/get-data/last/bucuresti/demodemo
show series where username='demo' and county='bucuresti'
/api/get-data/bucuresti/demodemo
/api/get-data/last/bucuresti/demodemo
show series where username='demo' and county='bucuresti'
/api/get-data/bucuresti/demodemo
/api/get-data/last/bucuresti/demodemo
show series where username='demo' and county='bucuresti'
/api/get-data/bucuresti/demodemo
/api/get-data/last/bucuresti/demodemo
show series where username='demo' and county='bucuresti'
/api/get-data/bucuresti/demodemo
/api/get-data/last/bucuresti/demodemo
show series where username='demo' and county='bucuresti'
/api/get-data/bucuresti/demodemo
/api/get-data/last/bucuresti/demodemo
show series where username='demo' and county='bucuresti'
/api/get-data/bucuresti/demodemo
/api/get-data/last/bucuresti/demodemo
show series where username='demo' and county='bucuresti'
/api/get-data/bucuresti/demodemo
/api/get-data/last/bucuresti/demodemo
show series where username='demo' and county='bucuresti'
/api/get-data/bucuresti/demodemo
/api/get-data/last/bucuresti/demodemo
show series where username='demo' and county='bucuresti'
/api/get-data/bucuresti/demodemo
/api/get-data/last/bucuresti/demodemo
show series where username='demo' and county='bucuresti'
/api/get-data/bucuresti/demodemo
/api/get-data/last/bucuresti/demodemo
show series where username='demo' and county='bucuresti'
/api/get-data/bucuresti/demodemo
/api/get-data/last/bucuresti/demodemo
show series where username='demo' and county='bucuresti'
/api/get-data/bucuresti/demodemo
show series where username='demo' and county='bucuresti'
/api/get-data/bucuresti/demodemo
/api/get-data/last/bucuresti/demodemo
/api/get-data/last/bucuresti/demodemo
show series where username='demo' and county='bucuresti'
/api/get-data/bucuresti/demodemo
show series where username='demo' and county='bucuresti'
/api/get-data/bucuresti/demodemo
/api/get-data/last/bucuresti/demodemo
/api/get-data/last/bucuresti/demodemo
show series where username='demo' and county='bucuresti'
/api/get-data/bucuresti/demodemo
/api/get-data/last/bucuresti/demodemo
show series where username='demo' and county='bucuresti'
/api/get-data/bucuresti/demodemo
/api/get-data/last/bucuresti/demodemo
show series where username='demo' and county='bucuresti'
/api/get-data/bucuresti/demodemo
show series where username='demo' and county='bucuresti'
/api/get-data/bucuresti/demodemo
/api/get-data/last/bucuresti/demodemo
/api/get-data/last/bucuresti/demodemo
show series where username='demo' and county='bucuresti'
/api/get-data/bucuresti/demodemo
show series where username='demo' and county='bucuresti'
/api/get-data/bucuresti/demodemo
/api/get-data/last/bucuresti/demodemo
/api/get-data/last/bucuresti/demodemo
show series where username='demo' and county='bucuresti'
/api/get-data/bucuresti/demodemo
show series where username='demo' and county='bucuresti'
/api/get-data/bucuresti/demodemo
/api/get-data/last/bucuresti/demodemo
/api/get-data/last/bucuresti/demodemo
show series where username='demo' and county='bucuresti'
/api/get-data/bucuresti/demodemo
show series where username='demo' and county='bucuresti'
/api/get-data/bucuresti/demodemo
/api/get-data/last/bucuresti/demodemo
/api/get-data/last/bucuresti/demodemo
show series where username='demo' and county='bucuresti'
/api/get-data/bucuresti/demodemo
/api/get-data/last/bucuresti/demodemo
show series where username='demo' and county='bucuresti'
/api/get-data/bucuresti/demodemo
/api/get-data/last/bucuresti/demodemo
show series where username='demo' and county='bucuresti'
/api/get-data/bucuresti/demodemo
/api/get-data/last/bucuresti/demodemo
show series where username='demo' and county='bucuresti'
/api/get-data/bucuresti/demodemo
/api/get-data/last/bucuresti/demodemo
show series where username='demo' and county='bucuresti'
/api/get-data/bucuresti/demodemo
/api/get-data/last/bucuresti/demodemo
show series where username='demo' and county='bucuresti'
/api/get-data/bucuresti/demodemo
/api/get-data/last/bucuresti/demodemo
show series where username='demo' and county='bucuresti'
/api/get-data/bucuresti/demodemo
/api/get-data/last/bucuresti/demodemo
show series where username='demo' and county='bucuresti'
/api/get-data/bucuresti/demodemo
/api/get-data/last/bucuresti/demodemo
show series where username='demo' and county='bucuresti'
/api/get-data/bucuresti/demodemo
/api/get-data/last/bucuresti/demodemo
show series where username='demo' and county='bucuresti'
/api/get-data/bucuresti/demodemo
/api/get-data/last/bucuresti/demodemo
show series where username='demo' and county='bucuresti'
/api/get-data/bucuresti/demodemo
/api/get-data/last/bucuresti/demodemo
show series where username='demo' and county='bucuresti'
/api/get-data/bucuresti/demodemo
/api/get-data/last/bucuresti/demodemo
show series where username='demo' and county='bucuresti'
/api/get-data/bucuresti/demodemo
/api/get-data/last/bucuresti/demodemo
show series where username='demo' and county='bucuresti'
/api/get-data/bucuresti/demodemo
/api/get-data/last/bucuresti/demodemo
show series where username='demo' and county='bucuresti'
/api/get-data/bucuresti/demodemo
/api/get-data/last/bucuresti/demodemo
